\BOOKMARK [0][-]{section*.6}{\376\377\000P\000r\000e\000f\000a\000c\000i\000o}{}% 1
\BOOKMARK [0][-]{toc.0}{\376\377\000\315\000n\000d\000i\000c\000e}{}% 2
\BOOKMARK [0][-]{section*.8}{\376\377\000L\000i\000s\000t\000a\000\040\000d\000e\000\040\000f\000i\000g\000u\000r\000a\000s}{}% 3
\BOOKMARK [0][-]{section*.9}{\376\377\000L\000i\000s\000t\000a\000\040\000d\000e\000\040\000c\000u\000a\000d\000r\000o\000s}{}% 4
\BOOKMARK [0][-]{section*.10}{\376\377\000R\000e\000s\000u\000m\000e\000n}{}% 5
\BOOKMARK [0][-]{section*.11}{\376\377\000A\000b\000s\000t\000r\000a\000c\000t}{}% 6
\BOOKMARK [0][-]{chapter.12}{\376\377\000I\000n\000t\000r\000o\000d\000u\000c\000c\000i\000\363\000n}{}% 7
\BOOKMARK [0][-]{chapter.13}{\376\377\000A\000n\000t\000e\000c\000e\000d\000e\000n\000t\000e\000s}{}% 8
\BOOKMARK [1][-]{section.14}{\376\377\000G\000e\000n\000e\000r\000a\000c\000i\000\363\000n\000\040\000d\000e\000\040\000t\000r\000a\000y\000e\000c\000t\000o\000r\000i\000a\000s\000\040\000y\000\040\000m\000a\000p\000e\000o\000\040\000d\000e\000\040\000e\000n\000t\000o\000r\000n\000o\000s}{chapter.13}% 9
\BOOKMARK [1][-]{section.16}{\376\377\000A\000n\000t\000\040\000C\000o\000l\000o\000n\000y\000\040\000O\000p\000t\000i\000m\000i\000z\000a\000t\000i\000o\000n\000\040\000\050\000A\000C\000O\000\051}{chapter.13}% 10
\BOOKMARK [1][-]{section.18}{\376\377\000P\000a\000r\000t\000i\000c\000l\000e\000\040\000S\000w\000a\000r\000m\000\040\000O\000p\000t\000i\000m\000i\000z\000a\000t\000i\000o\000n\000\040\000\050\000P\000S\000O\000\051}{chapter.13}% 11
\BOOKMARK [1][-]{section.19}{\376\377\000I\000m\000p\000l\000e\000m\000e\000n\000t\000a\000c\000i\000\363\000n\000\040\000d\000e\000\040\000a\000l\000g\000o\000r\000i\000t\000m\000o\000s\000\040\000d\000e\000\040\000i\000n\000t\000e\000l\000i\000g\000e\000n\000c\000i\000a\000\040\000d\000e\000\040\000e\000n\000j\000a\000m\000b\000r\000e\000\040\000e\000n\000\040\000U\000V\000G}{chapter.13}% 12
\BOOKMARK [1][-]{section.27}{\376\377\000R\000o\000b\000o\000t\000a\000t}{chapter.13}% 13
\BOOKMARK [0][-]{chapter.29}{\376\377\000J\000u\000s\000t\000i\000f\000i\000c\000a\000c\000i\000\363\000n}{}% 14
\BOOKMARK [0][-]{chapter.30}{\376\377\000O\000b\000j\000e\000t\000i\000v\000o\000s}{}% 15
\BOOKMARK [1][-]{section.31}{\376\377\000O\000b\000j\000e\000t\000i\000v\000o\000\040\000g\000e\000n\000e\000r\000a\000l}{chapter.30}% 16
\BOOKMARK [1][-]{section.32}{\376\377\000O\000b\000j\000e\000t\000i\000v\000o\000s\000\040\000e\000s\000p\000e\000c\000\355\000f\000i\000c\000o\000s}{chapter.30}% 17
\BOOKMARK [0][-]{chapter.33}{\376\377\000A\000l\000c\000a\000n\000c\000e}{}% 18
\BOOKMARK [0][-]{chapter.34}{\376\377\000M\000a\000r\000c\000o\000\040\000t\000e\000\363\000r\000i\000c\000o}{}% 19
\BOOKMARK [1][-]{section.35}{\376\377\000I\000n\000t\000e\000r\000a\000c\000c\000i\000\363\000n\000\040\000d\000e\000\040\000u\000n\000\040\000r\000o\000b\000o\000t\000\040\000m\000\363\000v\000i\000l\000\040\000c\000o\000n\000\040\000s\000u\000\040\000e\000n\000t\000o\000r\000n\000o}{chapter.34}% 20
\BOOKMARK [1][-]{section.37}{\376\377\000M\000o\000d\000e\000l\000o\000s\000\040\000p\000r\000o\000b\000a\000b\000i\000l\000\355\000s\000t\000i\000c\000o\000\040\000d\000e\000\040\000m\000o\000v\000i\000m\000i\000e\000n\000t\000o\000\040\000p\000a\000r\000a\000\040\000r\000o\000b\000o\000t\000s\000\040\000m\000\363\000v\000i\000l\000e\000s\000\040\000e\000n\000\040\000e\000n\000t\000o\000r\000n\000o\000s\000\040\000p\000l\000a\000n\000o\000s}{chapter.34}% 21
\BOOKMARK [1][-]{section.38}{\376\377\000R\000o\000b\000o\000t\000\040\000m\000\363\000v\000i\000l\000\040\000c\000o\000n\000\040\000t\000r\000a\000c\000c\000i\000\363\000n\000\040\000d\000i\000f\000e\000r\000e\000n\000c\000i\000a\000l}{chapter.34}% 22
\BOOKMARK [1][-]{section.43}{\376\377\000L\000o\000c\000a\000l\000i\000z\000a\000c\000i\000\363\000n\000\040\000d\000e\000\040\000r\000o\000b\000o\000t\000s\000\040\000m\000\363\000v\000i\000l\000e\000s}{chapter.34}% 23
\BOOKMARK [1][-]{section.44}{\376\377\000L\000o\000c\000a\000l\000i\000z\000a\000c\000i\000\363\000n\000\040\000y\000\040\000M\000a\000p\000e\000o\000\040\000S\000i\000m\000u\000l\000t\000\341\000n\000e\000o\000\040\000\050\000S\000L\000A\000M\000\051}{chapter.34}% 24
\BOOKMARK [1][-]{section.46}{\376\377\000F\000i\000l\000t\000r\000o\000\040\000d\000e\000\040\000K\000a\000l\000m\000a\000n\000\040\000y\000\040\000f\000i\000l\000t\000r\000o\000\040\000d\000e\000\040\000K\000a\000l\000m\000a\000n\000\040\000e\000x\000t\000e\000n\000d\000i\000d\000o\000\040\000\050\000E\000K\000F\000\051}{chapter.34}% 25
\BOOKMARK [1][-]{section.47}{\376\377\000L\000i\000g\000h\000t\000\040\000D\000e\000t\000e\000c\000t\000i\000o\000n\000\040\000a\000n\000d\000\040\000R\000a\000n\000g\000i\000n\000g\000\040\000\050\000L\000i\000D\000A\000R\000\051}{chapter.34}% 26
\BOOKMARK [1][-]{section.49}{\376\377\000S\000e\000n\000s\000o\000r\000e\000s\000\040\000d\000e\000\040\000d\000i\000s\000t\000a\000n\000c\000i\000a\000\040\000p\000o\000r\000\040\000t\000i\000e\000m\000p\000o\000\040\000d\000e\000\040\000v\000u\000e\000l\000o}{chapter.34}% 27
\BOOKMARK [1][-]{section.50}{\376\377\000S\000e\000n\000s\000o\000r\000e\000s\000\040\000d\000e\000\040\000d\000i\000s\000t\000a\000n\000c\000i\000a\000\040\000p\000o\000r\000\040\000t\000r\000i\000a\000n\000g\000u\000l\000a\000c\000i\000\363\000n}{chapter.34}% 28
\BOOKMARK [1][-]{section.52}{\376\377\000V\000e\000h\000\355\000c\000u\000l\000o\000\040\000d\000i\000f\000e\000r\000e\000n\000c\000i\000a\000l\000\040\000P\000o\000l\000o\000l\000u\000\040\0003\000p\000i\000+\000\040\0003\0002\000U\0004}{chapter.34}% 29
\BOOKMARK [1][-]{section.54}{\376\377\000U\000n\000i\000v\000e\000r\000s\000a\000l\000\040\000A\000s\000y\000n\000c\000h\000r\000o\000n\000o\000u\000s\000\040\000R\000e\000c\000e\000i\000v\000e\000r\000-\000T\000r\000a\000n\000s\000m\000i\000t\000t\000e\000r\000\040\000\050\000U\000A\000R\000T\000\051}{chapter.34}% 30
\BOOKMARK [0][-]{chapter.57}{\376\377\000V\000a\000l\000i\000d\000a\000c\000i\000\363\000n\000\040\000d\000e\000\040\000s\000e\000n\000s\000o\000r\000\040\000d\000e\000\040\000d\000i\000s\000t\000a\000n\000c\000i\000a\000\040\000t\000i\000p\000o\000\040\000l\000\341\000s\000e\000r}{}% 31
\BOOKMARK [1][-]{section.58}{\376\377\000S\000e\000n\000s\000o\000r\000e\000s\000\040\000d\000e\000\040\000d\000i\000s\000t\000a\000n\000c\000i\000a\000\040\000t\000i\000p\000o\000\040\000l\000\341\000s\000e\000r\000\040\000c\000o\000n\000s\000i\000d\000e\000r\000a\000d\000o\000s}{chapter.57}% 32
\BOOKMARK [2][-]{subsection.59}{\376\377\000S\000e\000n\000s\000o\000r\000\040\000V\000L\0005\0003\000L\0000\000X}{section.58}% 33
\BOOKMARK [2][-]{subsection.60}{\376\377\000L\000i\000D\000A\000R\000\040\000F\000H\000L\000-\000L\000D\0002\0000}{section.58}% 34
\BOOKMARK [2][-]{subsection.61}{\376\377\000Y\000D\000L\000I\000D\000A\000R\000\040\000T\000m\000i\000n\000i\000\040\000P\000r\000o}{section.58}% 35
\BOOKMARK [1][-]{section.62}{\376\377\000S\000e\000l\000e\000c\000c\000i\000\363\000n\000\040\000d\000e\000l\000\040\000s\000e\000n\000s\000o\000r\000\040\000d\000e\000\040\000d\000i\000s\000t\000a\000n\000c\000i\000a\000\040\000t\000i\000p\000o\000\040\000l\000\341\000s\000e\000r}{chapter.57}% 36
\BOOKMARK [2][-]{subsection.66}{\376\377\000C\000r\000i\000t\000e\000r\000i\000o\000s\000\040\000p\000a\000r\000a\000\040\000e\000l\000\040\000T\000r\000a\000d\000e\000\040\000S\000t\000u\000d\000y\000\040\000d\000e\000\040\000l\000o\000s\000\040\000s\000e\000n\000s\000o\000r\000e\000s\000\040\000d\000e\000\040\000d\000i\000s\000t\000a\000n\000c\000i\000a\000\040\000t\000i\000p\000o\000\040\000l\000\341\000s\000e\000r}{section.62}% 37
\BOOKMARK [2][-]{subsection.89}{\376\377\000R\000e\000s\000u\000l\000t\000a\000d\000o\000s\000\040\000d\000e\000l\000\040\000t\000r\000a\000d\000e\000\040\000s\000t\000u\000d\000y}{section.62}% 38
\BOOKMARK [0][-]{chapter.93}{\376\377\000L\000e\000c\000t\000u\000r\000a\000\040\000e\000\040\000i\000n\000t\000e\000r\000p\000r\000e\000t\000a\000c\000i\000\363\000n\000\040\000d\000e\000\040\000d\000a\000t\000o\000s\000\040\000e\000x\000t\000r\000a\000\355\000d\000o\000s\000\040\000d\000e\000l\000\040\000L\000i\000D\000A\000R\000\040\000F\000H\000L\000-\000L\000D\0002\0000}{}% 39
\BOOKMARK [1][-]{section.94}{\376\377\000F\000u\000n\000c\000i\000o\000n\000a\000m\000i\000e\000n\000t\000o\000\040\000d\000e\000l\000\040\000s\000e\000n\000s\000o\000r\000\040\000d\000e\000\040\000d\000i\000s\000t\000a\000n\000c\000i\000a\000\040\000F\000H\000L\000-\000L\000D\0002\0000}{chapter.93}% 40
\BOOKMARK [2][-]{subsection.95}{\376\377\000C\000a\000r\000a\000c\000t\000e\000r\000\355\000s\000t\000i\000c\000a\000s\000\040\000g\000e\000n\000e\000r\000a\000l\000e\000s}{section.94}% 41
\BOOKMARK [2][-]{subsection.99}{\376\377\000P\000r\000o\000t\000o\000c\000o\000l\000o\000\040\000d\000e\000\040\000c\000o\000m\000u\000n\000i\000c\000a\000c\000i\000\363\000n}{section.94}% 42
\BOOKMARK [1][-]{section.105}{\376\377\000L\000e\000c\000t\000u\000r\000a\000\040\000d\000e\000\040\000d\000a\000t\000o\000s}{chapter.93}% 43
\BOOKMARK [2][-]{subsection.106}{\376\377\000L\000e\000c\000t\000u\000r\000a\000\040\000e\000\040\000i\000n\000t\000e\000r\000p\000r\000e\000t\000a\000c\000i\000\363\000n\000\040\000d\000e\000\040\000d\000a\000t\000o\000s\000\040\000m\000e\000d\000i\000a\000n\000t\000e\000\040\000E\000S\000P\0003\0002\000\040\000y\000\040\000M\000a\000t\000l\000a\000b}{section.105}% 44
\BOOKMARK [2][-]{subsection.111}{\376\377\000L\000e\000c\000t\000u\000r\000a\000\040\000e\000\040\000i\000n\000t\000e\000r\000p\000r\000e\000t\000a\000c\000i\000\363\000n\000\040\000d\000e\000\040\000d\000a\000t\000o\000s\000\040\000m\000e\000d\000i\000a\000n\000t\000e\000\040\000E\000S\000P\0003\0002\000\040\000y\000\040\000P\000y\000t\000h\000o\000n}{section.105}% 45
\BOOKMARK [0][-]{chapter.113}{\376\377\000C\000a\000r\000a\000c\000t\000e\000r\000i\000z\000a\000c\000i\000\363\000n\000\040\000d\000e\000l\000\040\000L\000i\000D\000A\000R\000\040\000F\000H\000L\000-\000L\000D\0002\0000}{}% 46
\BOOKMARK [1][-]{section.114}{\376\377\000D\000e\000s\000a\000r\000r\000o\000l\000l\000o\000\040\000d\000e\000\040\000p\000l\000a\000t\000a\000f\000o\000r\000m\000a\000\040\000f\000\355\000s\000i\000c\000a\000\040\000p\000a\000r\000a\000\040\000p\000r\000u\000e\000b\000a\000s\000\040\000c\000o\000n\000\040\000e\000l\000\040\000L\000i\000D\000A\000R\000\040\000F\000H\000L\000-\000L\000D\0002\0000}{chapter.113}% 47
\BOOKMARK [1][-]{section.120}{\376\377\000D\000e\000p\000u\000r\000a\000c\000i\000\363\000n\000\040\000d\000e\000\040\000m\000e\000d\000i\000c\000i\000o\000n\000e\000s\000\040\000n\000u\000l\000a\000s\000\040\000e\000n\000\040\000e\000l\000\040\000L\000i\000D\000A\000R\000\040\000F\000H\000L\000-\000L\000D\0002\0000}{chapter.113}% 48
\BOOKMARK [1][-]{section.123}{\376\377\000R\000a\000n\000g\000o\000\040\000d\000e\000\040\000m\000e\000d\000i\000c\000i\000\363\000n\000\040\000e\000f\000e\000c\000t\000i\000v\000o\000\040\000d\000e\000l\000\040\000L\000i\000D\000A\000R\000\040\000F\000H\000L\000-\000L\000D\0002\0000}{chapter.113}% 49
\BOOKMARK [2][-]{subsection.124}{\376\377\000R\000a\000n\000g\000o\000\040\000m\000\355\000n\000i\000m\000o\000\040\000d\000e\000\040\000m\000e\000d\000i\000c\000i\000\363\000n}{section.123}% 50
\BOOKMARK [2][-]{subsection.128}{\376\377\000R\000a\000n\000g\000o\000\040\000m\000\341\000x\000i\000m\000o\000\040\000d\000e\000\040\000m\000e\000d\000i\000c\000i\000\363\000n}{section.123}% 51
\BOOKMARK [1][-]{section.129}{\376\377\000E\000s\000t\000i\000m\000a\000c\000i\000\363\000n\000\040\000d\000e\000\040\000l\000a\000s\000\040\000v\000a\000r\000i\000a\000n\000z\000a\000s\000\040\000d\000e\000l\000\040\000s\000e\000n\000s\000o\000r\000\040}{chapter.113}% 52
\BOOKMARK [2][-]{subsection.133}{\376\377\000E\000s\000t\000i\000m\000a\000c\000i\000\363\000n\000\040\000d\000e\000\040\000l\000a\000\040\000v\000a\000r\000i\000a\000n\000z\000a\000\040\000a\000s\000o\000c\000i\000a\000d\000a\000\040\000a\000\040\000l\000a\000s\000\040\000m\000e\000d\000i\000c\000i\000o\000n\000e\000s\000\040\000d\000e\000\040\000d\000i\000s\000t\000a\000n\000c\000i\000a\000\040\000d\000e\000l\000\040\000s\000e\000n\000s\000o\000r}{section.129}% 53
\BOOKMARK [2][-]{subsection.141}{\376\377\000E\000s\000t\000i\000m\000a\000c\000i\000\363\000n\000\040\000d\000e\000\040\000l\000a\000\040\000v\000a\000r\000i\000a\000n\000z\000a\000\040\000a\000s\000o\000c\000i\000a\000d\000a\000\040\000a\000\040\000l\000a\000s\000\040\000m\000e\000d\000i\000c\000i\000o\000n\000e\000s\000\040\000d\000e\000\040\000\341\000n\000g\000u\000l\000o\000s\000\040\000d\000e\000l\000\040\000s\000e\000n\000s\000o\000r}{section.129}% 54
\BOOKMARK [1][-]{section.142}{\376\377\000P\000r\000e\000c\000i\000s\000i\000\363\000n\000\040\000d\000e\000l\000\040\000L\000i\000D\000A\000R\000\040\000F\000H\000L\000-\000L\000D\0002\0000}{chapter.113}% 55
\BOOKMARK [1][-]{section.145}{\376\377\000D\000e\000t\000e\000c\000c\000i\000\363\000n\000\040\000d\000e\000\040\000b\000o\000r\000d\000e\000s\000\040\000y\000\040\000d\000i\000s\000c\000o\000n\000t\000i\000n\000u\000i\000d\000a\000d\000e\000s\000\040\000p\000a\000r\000a\000\040\000e\000l\000\040\000L\000i\000D\000A\000R\000\040\000F\000H\000L\000-\000L\000D\0002\0000}{chapter.113}% 56
\BOOKMARK [0][-]{chapter.147}{\376\377\000C\000a\000l\000i\000b\000r\000a\000c\000i\000\363\000n\000\040\000d\000e\000l\000\040\000L\000i\000D\000A\000R\000\040\000F\000H\000L\000-\000L\000D\0002\0000}{}% 57
\BOOKMARK [1][-]{section.148}{\376\377\000P\000r\000u\000e\000b\000a\000s\000\040\000p\000a\000r\000a\000\040\000c\000a\000l\000i\000b\000r\000a\000r\000\040\000e\000l\000\040\000L\000i\000D\000A\000R\000\040\000F\000H\000L\000-\000L\000D\0002\0000}{chapter.147}% 58
\BOOKMARK [1][-]{section.150}{\376\377\000C\000o\000m\000p\000e\000n\000s\000a\000c\000i\000\363\000n\000\040\000e\000n\000\040\000l\000a\000s\000\040\000m\000e\000d\000i\000c\000i\000o\000n\000e\000s\000\040\000d\000e\000l\000\040\000L\000i\000D\000A\000R\000\040\000F\000H\000L\000-\000L\000D\0002\0000}{chapter.147}% 59
\BOOKMARK [0][-]{chapter.154}{\376\377\000C\000o\000n\000c\000l\000u\000s\000i\000o\000n\000e\000s}{}% 60
\BOOKMARK [0][-]{chapter.155}{\376\377\000R\000e\000c\000o\000m\000e\000n\000d\000a\000c\000i\000o\000n\000e\000s}{}% 61
\BOOKMARK [0][-]{chapter.157}{\376\377\000B\000i\000b\000l\000i\000o\000g\000r\000a\000f\000\355\000a}{}% 62
\BOOKMARK [0][-]{chapter.158}{\376\377\000A\000n\000e\000x\000o\000s}{}% 63
\BOOKMARK [1][-]{section.159}{\376\377\000P\000r\000u\000e\000b\000a\000s\000\040\000d\000e\000\040\000r\000a\000n\000g\000o\000\040\000d\000e\000\040\000m\000e\000d\000i\000c\000i\000\363\000n\000\040\000m\000\355\000n\000i\000m\000o}{chapter.158}% 64
